<?xml version="1.0" encoding="UTF-8"?>
<testng-results ignored="0" total="1" passed="1" failed="0" skipped="0">
  <reporter-output>
  </reporter-output>
  <suite started-at="2023-10-11T18:37:45 IST" name="com.rest.RunCucumberTest" finished-at="2023-10-11T18:37:49 IST" duration-ms="4098">
    <groups>
      <group name="cucumber">
        <method signature="AbstractTestNGCucumberTests.runScenario(io.cucumber.testng.PickleWrapper,io.cucumber.testng.FeatureWrapper)[pri:0, instance:com.rest.RunCucumberTest@35083305]" name="runScenario" class="io.cucumber.testng.AbstractTestNGCucumberTests"/>
      </group> <!-- cucumber -->
    </groups>
    <test started-at="2023-10-11T18:37:45 IST" name="Command line test" finished-at="2023-10-11T18:37:49 IST" duration-ms="4098">
      <class name="com.rest.RunCucumberTest">
        <test-method is-config="true" signature="setUpClass(org.testng.ITestContext)[pri:0, instance:com.rest.RunCucumberTest@35083305]" started-at="2023-10-11T18:37:45 IST" name="setUpClass" finished-at="2023-10-11T18:37:46 IST" duration-ms="720" status="PASS">
          <params>
            <param index="0">
              <value>
                <![CDATA[org.testng.TestRunner@2abafa97]]>
              </value>
            </param>
          </params>
          <reporter-output>
          </reporter-output>
        </test-method> <!-- setUpClass -->
        <test-method signature="runScenario(io.cucumber.testng.PickleWrapper,io.cucumber.testng.FeatureWrapper)[pri:0, instance:com.rest.RunCucumberTest@35083305]" started-at="2023-10-11T18:37:46 IST" name="runScenario" description="Runs Cucumber Scenarios" data-provider="scenarios" finished-at="2023-10-11T18:37:49 IST" duration-ms="3230" status="PASS">
          <params>
            <param index="0">
              <value>
                <![CDATA["Create New User"]]>
              </value>
            </param>
            <param index="1">
              <value>
                <![CDATA["First API Testing"]]>
              </value>
            </param>
          </params>
          <reporter-output>
          </reporter-output>
        </test-method> <!-- runScenario -->
        <test-method is-config="true" signature="tearDownClass()[pri:0, instance:com.rest.RunCucumberTest@35083305]" started-at="2023-10-11T18:37:49 IST" name="tearDownClass" finished-at="2023-10-11T18:37:49 IST" duration-ms="81" status="PASS">
          <reporter-output>
          </reporter-output>
        </test-method> <!-- tearDownClass -->
      </class> <!-- com.rest.RunCucumberTest -->
    </test> <!-- Command line test -->
  </suite> <!-- com.rest.RunCucumberTest -->
</testng-results>
