<?xml version="1.0" encoding="UTF-8"?>
<testng-results ignored="0" total="1" passed="1" failed="0" skipped="0">
  <reporter-output>
  </reporter-output>
  <suite started-at="2023-10-30T13:36:29 IST" name="Default suite" finished-at="2023-10-30T13:36:32 IST" duration-ms="3061">
    <groups>
      <group name="cucumber">
        <method signature="AbstractTestNGCucumberTests.runScenario(io.cucumber.testng.PickleWrapper,io.cucumber.testng.FeatureWrapper)[pri:0, instance:com.rest.RunCucumberTest@76505305]" name="runScenario" class="io.cucumber.testng.AbstractTestNGCucumberTests"/>
      </group> <!-- cucumber -->
    </groups>
    <test started-at="2023-10-30T13:36:29 IST" name="Default test" finished-at="2023-10-30T13:36:32 IST" duration-ms="3061">
      <class name="com.rest.RunCucumberTest">
        <test-method is-config="true" signature="setUpClass(org.testng.ITestContext)[pri:0, instance:com.rest.RunCucumberTest@76505305]" started-at="2023-10-30T13:36:29 IST" name="setUpClass" finished-at="2023-10-30T13:36:29 IST" duration-ms="472" status="PASS">
          <params>
            <param index="0">
              <value>
                <![CDATA[org.testng.TestRunner@11c88cca]]>
              </value>
            </param>
          </params>
          <reporter-output>
          </reporter-output>
        </test-method> <!-- setUpClass -->
        <test-method signature="runScenario(io.cucumber.testng.PickleWrapper,io.cucumber.testng.FeatureWrapper)[pri:0, instance:com.rest.RunCucumberTest@76505305]" started-at="2023-10-30T13:36:29 IST" name="runScenario" description="Runs Cucumber Scenarios" data-provider="scenarios" finished-at="2023-10-30T13:36:32 IST" duration-ms="2460" status="PASS">
          <params>
            <param index="0">
              <value>
                <![CDATA["Create New User"]]>
              </value>
            </param>
            <param index="1">
              <value>
                <![CDATA["First API Testing"]]>
              </value>
            </param>
          </params>
          <reporter-output>
          </reporter-output>
        </test-method> <!-- runScenario -->
        <test-method is-config="true" signature="tearDownClass()[pri:0, instance:com.rest.RunCucumberTest@76505305]" started-at="2023-10-30T13:36:32 IST" name="tearDownClass" finished-at="2023-10-30T13:36:32 IST" duration-ms="68" status="PASS">
          <reporter-output>
          </reporter-output>
        </test-method> <!-- tearDownClass -->
      </class> <!-- com.rest.RunCucumberTest -->
    </test> <!-- Default test -->
  </suite> <!-- Default suite -->
</testng-results>
